<?xml version="1.0" encoding="UTF-8"?>
<testng-results skipped="0" failed="0" ignored="0" total="1" passed="1">
  <reporter-output>
  </reporter-output>
  <suite name="Default suite" duration-ms="16918" started-at="2018-09-25T06:22:10Z" finished-at="2018-09-25T06:22:26Z">
    <groups>
    </groups>
    <test name="Default test" duration-ms="16918" started-at="2018-09-25T06:22:10Z" finished-at="2018-09-25T06:22:26Z">
      <class name="TestNGtest.TestNG">
        <test-method status="PASS" signature="launch()[pri:0, instance:TestNGtest.TestNG@5f282abb]" name="launch" is-config="true" duration-ms="12678" started-at="2018-09-25T06:22:10Z" finished-at="2018-09-25T06:22:22Z">
          <reporter-output>
          </reporter-output>
        </test-method> <!-- launch -->
        <test-method status="PASS" signature="beforeMethod()[pri:0, instance:TestNGtest.TestNG@5f282abb]" name="beforeMethod" is-config="true" duration-ms="5" started-at="2018-09-25T06:22:22Z" finished-at="2018-09-25T06:22:22Z">
          <reporter-output>
          </reporter-output>
        </test-method> <!-- beforeMethod -->
        <test-method status="PASS" signature="test1()[pri:0, instance:TestNGtest.TestNG@5f282abb]" name="test1" duration-ms="3267" started-at="2018-09-25T06:22:22Z" finished-at="2018-09-25T06:22:26Z">
          <reporter-output>
          </reporter-output>
        </test-method> <!-- test1 -->
        <test-method status="PASS" signature="afterMethod()[pri:0, instance:TestNGtest.TestNG@5f282abb]" name="afterMethod" is-config="true" duration-ms="0" started-at="2018-09-25T06:22:26Z" finished-at="2018-09-25T06:22:26Z">
          <reporter-output>
          </reporter-output>
        </test-method> <!-- afterMethod -->
        <test-method status="PASS" signature="afterClass()[pri:0, instance:TestNGtest.TestNG@5f282abb]" name="afterClass" is-config="true" duration-ms="924" started-at="2018-09-25T06:22:26Z" finished-at="2018-09-25T06:22:26Z">
          <reporter-output>
          </reporter-output>
        </test-method> <!-- afterClass -->
      </class> <!-- TestNGtest.TestNG -->
    </test> <!-- Default test -->
  </suite> <!-- Default suite -->
</testng-results>
